<?xml version="1.0" encoding="UTF-8"?>
<testng-results ignored="0" total="1" passed="1" failed="0" skipped="0">
  <reporter-output>
  </reporter-output>
  <suite started-at="2025-05-13T09:28:30 CDT" name="LoginOne" finished-at="2025-05-13T09:28:37 CDT" duration-ms="7184">
    <groups>
    </groups>
    <test started-at="2025-05-13T09:28:30 CDT" name="LoginTest" finished-at="2025-05-13T09:28:37 CDT" duration-ms="7184">
      <class name="runTestWithCMD.FirstTest">
        <test-method signature="loginTest()[pri:0, instance:runTestWithCMD.FirstTest@479d31f3]" started-at="2025-05-13T09:28:30 CDT" name="loginTest" finished-at="2025-05-13T09:28:37 CDT" duration-ms="7146" status="PASS">
          <reporter-output>
          </reporter-output>
        </test-method> <!-- loginTest -->
      </class> <!-- runTestWithCMD.FirstTest -->
    </test> <!-- LoginTest -->
  </suite> <!-- LoginOne -->
</testng-results>
