<?xml version="1.0" encoding="UTF-8"?>
<testng-results ignored="0" total="1" passed="1" failed="0" skipped="0">
  <reporter-output>
  </reporter-output>
  <suite started-at="2025-05-12T14:54:42 CDT" name="LoginOne" finished-at="2025-05-12T14:54:49 CDT" duration-ms="6501">
    <groups>
    </groups>
    <test started-at="2025-05-12T14:54:42 CDT" name="LoginTest" finished-at="2025-05-12T14:54:49 CDT" duration-ms="6501">
      <class name="runTestWithCMD.FirstTest">
        <test-method signature="loginTest()[pri:0, instance:runTestWithCMD.FirstTest@1ffaf86]" started-at="2025-05-12T14:54:42 CDT" name="loginTest" finished-at="2025-05-12T14:54:49 CDT" duration-ms="6442" status="PASS">
          <reporter-output>
          </reporter-output>
        </test-method> <!-- loginTest -->
      </class> <!-- runTestWithCMD.FirstTest -->
    </test> <!-- LoginTest -->
  </suite> <!-- LoginOne -->
</testng-results>
